<?xml version="1.0" encoding="UTF-8"?>
<testng-results skipped="0" failed="0" total="2" passed="2">
  <reporter-output>
  </reporter-output>
  <suite name="Command line suite" duration-ms="8125" started-at="2019-02-06T16:04:34Z" finished-at="2019-02-06T16:04:42Z">
    <groups>
    </groups>
    <test name="Command line test" duration-ms="8125" started-at="2019-02-06T16:04:34Z" finished-at="2019-02-06T16:04:42Z">
      <class name="tests.SeleniumDockerTest">
        <test-method status="PASS" signature="main()[pri:0, instance:tests.SeleniumDockerTest@b684286]" name="main" duration-ms="3611" started-at="2019-02-06T21:34:38Z" finished-at="2019-02-06T21:34:42Z">
          <reporter-output>
          </reporter-output>
        </test-method> <!-- main -->
      </class> <!-- tests.SeleniumDockerTest -->
      <class name="SeleniumDockerTest">
        <test-method status="PASS" signature="main()[pri:0, instance:SeleniumDockerTest@17f6480]" name="main" duration-ms="4504" started-at="2019-02-06T21:34:34Z" finished-at="2019-02-06T21:34:38Z">
          <reporter-output>
          </reporter-output>
        </test-method> <!-- main -->
      </class> <!-- SeleniumDockerTest -->
    </test> <!-- Command line test -->
  </suite> <!-- Command line suite -->
</testng-results>
